# JRE version: Java(TM) SE Runtime Environment (17.0.10+11) (build 17.0.10+11-LTS-240)
# Java VM: Java HotSpot(TM) 64-Bit Server VM (17.0.10+11-LTS-240, mixed mode, emulated-client, sharing, tiered, compressed oops, compressed class ptrs, g1 gc, windows-amd64)
GC Precious Log:
 CPUs: 4 total, 4 available
 Memory: 8050M
 Large Page Support: Disabled
 NUMA Support: Disabled
 Compressed Oops: Enabled (32-bit)
 Heap Region Size: 1M
 Heap Min Capacity: 8M
 Heap Initial Capacity: 126M
 Heap Max Capacity: 2014M
 Pre-touch: Disabled
 Parallel Workers: 4
 Concurrent Workers: 1
 Concurrent Refinement Workers: 4
 Periodic GC: Disabled
Heap:
 garbage-first heap   total 129024K, used 10138K [0x0000000082200000, 0x0000000100000000)
  region size 1024K, 5 young (5120K), 2 survivors (2048K)
 Metaspace       used 9570K, committed 9792K, reserved 1114112K
  class space    used 1170K, committed 1280K, reserved 1048576K
GC Heap History (6 events):
Event: 85.340 GC heap before
{Heap before GC invocations=0 (full 0):
 garbage-first heap   total 129024K, used 13312K [0x0000000082200000, 0x0000000100000000)
  region size 1024K, 13 young (13312K), 0 survivors (0K)
 Metaspace       used 4563K, committed 4736K, reserved 1114112K
  class space    used 518K, committed 576K, reserved 1048576K
}
Event: 85.578 GC heap after
{Heap after GC invocations=1 (full 0):
 garbage-first heap   total 129024K, used 6461K [0x0000000082200000, 0x0000000100000000)
  region size 1024K, 2 young (2048K), 2 survivors (2048K)
 Metaspace       used 4563K, committed 4736K, reserved 1114112K
  class space    used 518K, committed 576K, reserved 1048576K
}
Event: 118.771 GC heap before
{Heap before GC invocations=1 (full 0):
 garbage-first heap   total 129024K, used 16701K [0x0000000082200000, 0x0000000100000000)
  region size 1024K, 12 young (12288K), 2 survivors (2048K)
 Metaspace       used 7328K, committed 7552K, reserved 1114112K
  class space    used 859K, committed 960K, reserved 1048576K
}
Event: 118.789 GC heap after
{Heap after GC invocations=2 (full 0):
 garbage-first heap   total 129024K, used 7142K [0x0000000082200000, 0x0000000100000000)
  region size 1024K, 1 young (1024K), 1 survivors (1024K)
 Metaspace       used 7328K, committed 7552K, reserved 1114112K
  class space    used 859K, committed 960K, reserved 1048576K
}
Event: 146.682 GC heap before
{Heap before GC invocations=2 (full 0):
 garbage-first heap   total 129024K, used 29670K [0x0000000082200000, 0x0000000100000000)
  region size 1024K, 23 young (23552K), 1 survivors (1024K)
 Metaspace       used 9365K, committed 9664K, reserved 1114112K
  class space    used 1148K, committed 1280K, reserved 1048576K
}
Event: 146.687 GC heap after
{Heap after GC invocations=3 (full 0):
 garbage-first heap   total 129024K, used 8090K [0x0000000082200000, 0x0000000100000000)
  region size 1024K, 2 young (2048K), 2 survivors (2048K)
 Metaspace       used 9365K, committed 9664K, reserved 1114112K
  class space    used 1148K, committed 1280K, reserved 1048576K
}

