# JRE version: Java(TM) SE Runtime Environment (17.0.10+11) (build 17.0.10+11-LTS-240)
# Java VM: Java HotSpot(TM) 64-Bit Server VM (17.0.10+11-LTS-240, mixed mode, emulated-client, sharing, tiered, compressed oops, compressed class ptrs, g1 gc, windows-amd64)
GC Precious Log:
 CPUs: 4 total, 4 available
 Memory: 8050M
 Large Page Support: Disabled
 NUMA Support: Disabled
 Compressed Oops: Enabled (32-bit)
 Heap Region Size: 1M
 Heap Min Capacity: 8M
 Heap Initial Capacity: 126M
 Heap Max Capacity: 2014M
 Pre-touch: Disabled
 Parallel Workers: 4
 Concurrent Workers: 1
 Concurrent Refinement Workers: 4
 Periodic GC: Disabled
Heap:
 garbage-first heap   total 129024K, used 29779K [0x0000000082200000, 0x0000000100000000)
  region size 1024K, 25 young (25600K), 2 survivors (2048K)
 Metaspace       used 11575K, committed 11840K, reserved 1114112K
  class space    used 1487K, committed 1664K, reserved 1048576K
GC Heap History (6 events):
Event: 95.899 GC heap before
{Heap before GC invocations=0 (full 0):
 garbage-first heap   total 129024K, used 13312K [0x0000000082200000, 0x0000000100000000)
  region size 1024K, 13 young (13312K), 0 survivors (0K)
 Metaspace       used 4841K, committed 4992K, reserved 1114112K
  class space    used 555K, committed 640K, reserved 1048576K
}
Event: 96.133 GC heap after
{Heap after GC invocations=1 (full 0):
 garbage-first heap   total 129024K, used 6675K [0x0000000082200000, 0x0000000100000000)
  region size 1024K, 2 young (2048K), 2 survivors (2048K)
 Metaspace       used 4841K, committed 4992K, reserved 1114112K
  class space    used 555K, committed 640K, reserved 1048576K
}
Event: 106.327 GC heap before
{Heap before GC invocations=1 (full 0):
 garbage-first heap   total 129024K, used 14867K [0x0000000082200000, 0x0000000100000000)
  region size 1024K, 11 young (11264K), 2 survivors (2048K)
 Metaspace       used 7070K, committed 7296K, reserved 1114112K
  class space    used 807K, committed 896K, reserved 1048576K
}
Event: 106.334 GC heap after
{Heap after GC invocations=2 (full 0):
 garbage-first heap   total 129024K, used 7170K [0x0000000082200000, 0x0000000100000000)
  region size 1024K, 1 young (1024K), 1 survivors (1024K)
 Metaspace       used 7070K, committed 7296K, reserved 1114112K
  class space    used 807K, committed 896K, reserved 1048576K
}
Event: 131.435 GC heap before
{Heap before GC invocations=2 (full 0):
 garbage-first heap   total 129024K, used 31746K [0x0000000082200000, 0x0000000100000000)
  region size 1024K, 25 young (25600K), 1 survivors (1024K)
 Metaspace       used 9493K, committed 9728K, reserved 1114112K
  class space    used 1166K, committed 1280K, reserved 1048576K
}
Event: 131.441 GC heap after
{Heap after GC invocations=3 (full 0):
 garbage-first heap   total 129024K, used 8275K [0x0000000082200000, 0x0000000100000000)
  region size 1024K, 2 young (2048K), 2 survivors (2048K)
 Metaspace       used 9493K, committed 9728K, reserved 1114112K
  class space    used 1166K, committed 1280K, reserved 1048576K
}

