# JRE version: Java(TM) SE Runtime Environment (17.0.10+11) (build 17.0.10+11-LTS-240)
# Java VM: Java HotSpot(TM) 64-Bit Server VM (17.0.10+11-LTS-240, mixed mode, emulated-client, sharing, tiered, compressed oops, compressed class ptrs, g1 gc, windows-amd64)
GC Precious Log:
 CPUs: 4 total, 4 available
 Memory: 8050M
 Large Page Support: Disabled
 NUMA Support: Disabled
 Compressed Oops: Enabled (32-bit)
 Heap Region Size: 1M
 Heap Min Capacity: 8M
 Heap Initial Capacity: 126M
 Heap Max Capacity: 2014M
 Pre-touch: Disabled
 Parallel Workers: 4
 Concurrent Workers: 1
 Concurrent Refinement Workers: 4
 Periodic GC: Disabled
Heap:
 garbage-first heap   total 129024K, used 20977K [0x0000000082200000, 0x0000000100000000)
  region size 1024K, 16 young (16384K), 3 survivors (3072K)
 Metaspace       used 15646K, committed 15936K, reserved 1114112K
  class space    used 2013K, committed 2176K, reserved 1048576K
GC Heap History (8 events):
Event: 79.893 GC heap before
{Heap before GC invocations=0 (full 0):
 garbage-first heap   total 129024K, used 13312K [0x0000000082200000, 0x0000000100000000)
  region size 1024K, 13 young (13312K), 0 survivors (0K)
 Metaspace       used 4794K, committed 4992K, reserved 1114112K
  class space    used 550K, committed 640K, reserved 1048576K
}
Event: 80.126 GC heap after
{Heap after GC invocations=1 (full 0):
 garbage-first heap   total 129024K, used 6475K [0x0000000082200000, 0x0000000100000000)
  region size 1024K, 2 young (2048K), 2 survivors (2048K)
 Metaspace       used 4794K, committed 4992K, reserved 1114112K
  class space    used 550K, committed 640K, reserved 1048576K
}
Event: 108.072 GC heap before
{Heap before GC invocations=1 (full 0):
 garbage-first heap   total 129024K, used 17739K [0x0000000082200000, 0x0000000100000000)
  region size 1024K, 14 young (14336K), 2 survivors (2048K)
 Metaspace       used 7783K, committed 8000K, reserved 1114112K
  class space    used 921K, committed 1024K, reserved 1048576K
}
Event: 108.086 GC heap after
{Heap after GC invocations=2 (full 0):
 garbage-first heap   total 129024K, used 7464K [0x0000000082200000, 0x0000000100000000)
  region size 1024K, 1 young (1024K), 1 survivors (1024K)
 Metaspace       used 7783K, committed 8000K, reserved 1114112K
  class space    used 921K, committed 1024K, reserved 1048576K
}
Event: 121.086 GC heap before
{Heap before GC invocations=2 (full 0):
 garbage-first heap   total 129024K, used 29992K [0x0000000082200000, 0x0000000100000000)
  region size 1024K, 24 young (24576K), 1 survivors (1024K)
 Metaspace       used 9699K, committed 9984K, reserved 1114112K
  class space    used 1190K, committed 1344K, reserved 1048576K
}
Event: 121.091 GC heap after
{Heap after GC invocations=3 (full 0):
 garbage-first heap   total 129024K, used 8212K [0x0000000082200000, 0x0000000100000000)
  region size 1024K, 2 young (2048K), 2 survivors (2048K)
 Metaspace       used 9699K, committed 9984K, reserved 1114112K
  class space    used 1190K, committed 1344K, reserved 1048576K
}
Event: 139.690 GC heap before
{Heap before GC invocations=3 (full 0):
 garbage-first heap   total 129024K, used 60436K [0x0000000082200000, 0x0000000100000000)
  region size 1024K, 54 young (55296K), 2 survivors (2048K)
 Metaspace       used 14629K, committed 14912K, reserved 1114112K
  class space    used 1883K, committed 2048K, reserved 1048576K
}
Event: 139.698 GC heap after
{Heap after GC invocations=4 (full 0):
 garbage-first heap   total 129024K, used 9713K [0x0000000082200000, 0x0000000100000000)
  region size 1024K, 3 young (3072K), 3 survivors (3072K)
 Metaspace       used 14629K, committed 14912K, reserved 1114112K
  class space    used 1883K, committed 2048K, reserved 1048576K
}

