# JRE version: Java(TM) SE Runtime Environment (17.0.10+11) (build 17.0.10+11-LTS-240)
# Java VM: Java HotSpot(TM) 64-Bit Server VM (17.0.10+11-LTS-240, mixed mode, emulated-client, sharing, tiered, compressed oops, compressed class ptrs, g1 gc, windows-amd64)
GC Precious Log:
 CPUs: 4 total, 4 available
 Memory: 8050M
 Large Page Support: Disabled
 NUMA Support: Disabled
 Compressed Oops: Enabled (32-bit)
 Heap Region Size: 1M
 Heap Min Capacity: 8M
 Heap Initial Capacity: 126M
 Heap Max Capacity: 2014M
 Pre-touch: Disabled
 Parallel Workers: 4
 Concurrent Workers: 1
 Concurrent Refinement Workers: 4
 Periodic GC: Disabled
Heap:
 garbage-first heap   total 129024K, used 48700K [0x0000000082200000, 0x0000000100000000)
  region size 1024K, 44 young (45056K), 5 survivors (5120K)
 Metaspace       used 19926K, committed 20224K, reserved 1114112K
  class space    used 2594K, committed 2752K, reserved 1048576K
GC Heap History (8 events):
Event: 82.670 GC heap before
{Heap before GC invocations=0 (full 0):
 garbage-first heap   total 129024K, used 13312K [0x0000000082200000, 0x0000000100000000)
  region size 1024K, 13 young (13312K), 0 survivors (0K)
 Metaspace       used 4732K, committed 4928K, reserved 1114112K
  class space    used 538K, committed 640K, reserved 1048576K
}
Event: 82.937 GC heap after
{Heap after GC invocations=1 (full 0):
 garbage-first heap   total 129024K, used 6455K [0x0000000082200000, 0x0000000100000000)
  region size 1024K, 2 young (2048K), 2 survivors (2048K)
 Metaspace       used 4732K, committed 4928K, reserved 1114112K
  class space    used 538K, committed 640K, reserved 1048576K
}
Event: 95.704 GC heap before
{Heap before GC invocations=1 (full 0):
 garbage-first heap   total 129024K, used 17719K [0x0000000082200000, 0x0000000100000000)
  region size 1024K, 13 young (13312K), 2 survivors (2048K)
 Metaspace       used 7280K, committed 7424K, reserved 1114112K
  class space    used 846K, committed 896K, reserved 1048576K
}
Event: 95.708 GC heap after
{Heap after GC invocations=2 (full 0):
 garbage-first heap   total 129024K, used 7475K [0x0000000082200000, 0x0000000100000000)
  region size 1024K, 1 young (1024K), 1 survivors (1024K)
 Metaspace       used 7280K, committed 7424K, reserved 1114112K
  class space    used 846K, committed 896K, reserved 1048576K
}
Event: 110.785 GC heap before
{Heap before GC invocations=2 (full 0):
 garbage-first heap   total 129024K, used 32051K [0x0000000082200000, 0x0000000100000000)
  region size 1024K, 26 young (26624K), 1 survivors (1024K)
 Metaspace       used 9766K, committed 9984K, reserved 1114112K
  class space    used 1202K, committed 1280K, reserved 1048576K
}
Event: 110.788 GC heap after
{Heap after GC invocations=3 (full 0):
 garbage-first heap   total 129024K, used 8279K [0x0000000082200000, 0x0000000100000000)
  region size 1024K, 2 young (2048K), 2 survivors (2048K)
 Metaspace       used 9766K, committed 9984K, reserved 1114112K
  class space    used 1202K, committed 1280K, reserved 1048576K
}
Event: 131.965 GC heap before
{Heap before GC invocations=3 (full 0):
 garbage-first heap   total 129024K, used 82007K [0x0000000082200000, 0x0000000100000000)
  region size 1024K, 75 young (76800K), 2 survivors (2048K)
 Metaspace       used 16543K, committed 16768K, reserved 1114112K
  class space    used 2145K, committed 2240K, reserved 1048576K
}
Event: 131.977 GC heap after
{Heap after GC invocations=4 (full 0):
 garbage-first heap   total 129024K, used 10812K [0x0000000082200000, 0x0000000100000000)
  region size 1024K, 5 young (5120K), 5 survivors (5120K)
 Metaspace       used 16543K, committed 16768K, reserved 1114112K
  class space    used 2145K, committed 2240K, reserved 1048576K
}

