# JRE version: Java(TM) SE Runtime Environment (17.0.10+11) (build 17.0.10+11-LTS-240)
# Java VM: Java HotSpot(TM) 64-Bit Server VM (17.0.10+11-LTS-240, mixed mode, emulated-client, sharing, tiered, compressed oops, compressed class ptrs, g1 gc, windows-amd64)
GC Precious Log:
 CPUs: 4 total, 4 available
 Memory: 8050M
 Large Page Support: Disabled
 NUMA Support: Disabled
 Compressed Oops: Enabled (32-bit)
 Heap Region Size: 1M
 Heap Min Capacity: 8M
 Heap Initial Capacity: 126M
 Heap Max Capacity: 2014M
 Pre-touch: Disabled
 Parallel Workers: 4
 Concurrent Workers: 1
 Concurrent Refinement Workers: 4
 Periodic GC: Disabled
Heap:
 garbage-first heap   total 129024K, used 9101K [0x0000000082200000, 0x0000000100000000)
  region size 1024K, 4 young (4096K), 2 survivors (2048K)
 Metaspace       used 9418K, committed 9664K, reserved 1114112K
  class space    used 1153K, committed 1280K, reserved 1048576K
GC Heap History (6 events):
Event: 87.203 GC heap before
{Heap before GC invocations=0 (full 0):
 garbage-first heap   total 129024K, used 13312K [0x0000000082200000, 0x0000000100000000)
  region size 1024K, 13 young (13312K), 0 survivors (0K)
 Metaspace       used 4563K, committed 4736K, reserved 1114112K
  class space    used 518K, committed 576K, reserved 1048576K
}
Event: 87.474 GC heap after
{Heap after GC invocations=1 (full 0):
 garbage-first heap   total 129024K, used 6425K [0x0000000082200000, 0x0000000100000000)
  region size 1024K, 2 young (2048K), 2 survivors (2048K)
 Metaspace       used 4563K, committed 4736K, reserved 1114112K
  class space    used 518K, committed 576K, reserved 1048576K
}
Event: 128.761 GC heap before
{Heap before GC invocations=1 (full 0):
 garbage-first heap   total 129024K, used 15641K [0x0000000082200000, 0x0000000100000000)
  region size 1024K, 11 young (11264K), 2 survivors (2048K)
 Metaspace       used 7211K, committed 7424K, reserved 1114112K
  class space    used 844K, committed 960K, reserved 1048576K
}
Event: 128.777 GC heap after
{Heap after GC invocations=2 (full 0):
 garbage-first heap   total 129024K, used 7264K [0x0000000082200000, 0x0000000100000000)
  region size 1024K, 1 young (1024K), 1 survivors (1024K)
 Metaspace       used 7211K, committed 7424K, reserved 1114112K
  class space    used 844K, committed 960K, reserved 1048576K
}
Event: 147.421 GC heap before
{Heap before GC invocations=2 (full 0):
 garbage-first heap   total 129024K, used 29792K [0x0000000082200000, 0x0000000100000000)
  region size 1024K, 23 young (23552K), 1 survivors (1024K)
 Metaspace       used 9327K, committed 9600K, reserved 1114112K
  class space    used 1144K, committed 1280K, reserved 1048576K
}
Event: 147.429 GC heap after
{Heap after GC invocations=3 (full 0):
 garbage-first heap   total 129024K, used 8077K [0x0000000082200000, 0x0000000100000000)
  region size 1024K, 2 young (2048K), 2 survivors (2048K)
 Metaspace       used 9327K, committed 9600K, reserved 1114112K
  class space    used 1144K, committed 1280K, reserved 1048576K
}

